<?xml version="1.0" encoding="UTF-8"?>
<testsuite name="FactorialCalculatorTest" tests="1" skipped="0" failures="0" errors="0" timestamp="2025-05-08T22:57:18" hostname="K1TS-PC" time="0.009">
  <properties/>
  <testcase name="calculate()" classname="FactorialCalculatorTest" time="0.009"/>
  <system-out><![CDATA[]]></system-out>
  <system-err><![CDATA[]]></system-err>
</testsuite>
