<?xml version="1.0" encoding="UTF-8"?>
<testsuite name="DataReaderTest" tests="2" skipped="0" failures="0" errors="0" timestamp="2025-05-08T22:56:38" hostname="K1TS-PC" time="0.01">
  <properties/>
  <testcase name="close()" classname="DataReaderTest" time="0.004"/>
  <testcase name="testThatDataReaderReturnsProperData()" classname="DataReaderTest" time="0.005"/>
  <system-out><![CDATA[]]></system-out>
  <system-err><![CDATA[]]></system-err>
</testsuite>
